Commodity: UPW
MSE: 3.8332143067311684, Directional MSE: 0.5231788079470199
Correct Predictions: 894 (out of a total 1210 predictions), Predictive correctness: 73.88429752066116%
Commodity: XTN
MSE: 1.1717097339333693, Directional MSE: 0.6363636363636364
Correct Predictions: 332 (out of a total 486 predictions), Predictive correctness: 68.3127572016461%
Commodity: RYU
MSE: 1.7681334466049257, Directional MSE: 0.5413907284768212
Correct Predictions: 883 (out of a total 1210 predictions), Predictive correctness: 72.97520661157024%
Commodity: VPU
MSE: 2.3759583778621676, Directional MSE: 0.5745033112582781
Correct Predictions: 863 (out of a total 1210 predictions), Predictive correctness: 71.32231404958678%
Commodity: IDU
MSE: 3.505260151370032, Directional MSE: 0.5811258278145696
Correct Predictions: 859 (out of a total 1210 predictions), Predictive correctness: 70.99173553719008%
Commodity: PUI
MSE: 0.10263196971647355, Directional MSE: 0.5695364238410596
Correct Predictions: 866 (out of a total 1210 predictions), Predictive correctness: 71.5702479338843%
Commodity: XLU
MSE: 0.5467655402504139, Directional MSE: 0.597682119205298
Correct Predictions: 849 (out of a total 1210 predictions), Predictive correctness: 70.16528925619835%
Commodity: FXU
MSE: 0.10128998938741723, Directional MSE: 0.7086092715231788
Correct Predictions: 782 (out of a total 1210 predictions), Predictive correctness: 64.62809917355372%
Commodity: JXI
MSE: 0.5884362194453642, Directional MSE: 0.5182119205298014
Correct Predictions: 897 (out of a total 1210 predictions), Predictive correctness: 74.13223140495869%
Commodity: DBU
MSE: 0.22413507009416378, Directional MSE: 0.5894039735099338
Correct Predictions: 854 (out of a total 1210 predictions), Predictive correctness: 70.57851239669421%
Commodity: XHS
MSE: 3.416152117933919, Directional MSE: 0.6560509554140127
Correct Predictions: 213 (out of a total 316 predictions), Predictive correctness: 67.40506329113924%
Commodity: AXHE
MSE: 4.389286971909387, Directional MSE: 0.5825242718446602
Correct Predictions: 439 (out of a total 619 predictions), Predictive correctness: 70.92084006462036%
Commodity: FXH
MSE: 0.4811647801169286, Directional MSE: 0.5728476821192053
Correct Predictions: 864 (out of a total 1210 predictions), Predictive correctness: 71.40495867768595%
Commodity: CURE
MSE: 7.168890327770621, Directional MSE: 0.6030927835051546
Correct Predictions: 273 (out of a total 390 predictions), Predictive correctness: 70.0%
Commodity: RXL
MSE: 5.413039070711921, Directional MSE: 0.554635761589404
Correct Predictions: 875 (out of a total 1210 predictions), Predictive correctness: 72.31404958677686%
Commodity: HGEM
MSE: 0.22143563639725133, Directional MSE: 0.7225130890052356
Correct Predictions: 245 (out of a total 383 predictions), Predictive correctness: 63.9686684073107%
Commodity: PJP
MSE: 0.40885950268108406, Directional MSE: 0.5662251655629139
Correct Predictions: 868 (out of a total 1210 predictions), Predictive correctness: 71.73553719008264%
Commodity: VHT
MSE: 1.762070964734066, Directional MSE: 0.5778145695364238
Correct Predictions: 861 (out of a total 1210 predictions), Predictive correctness: 71.15702479338843%
Commodity: IHE
MSE: 3.391414860862998, Directional MSE: 0.5728476821192053
Correct Predictions: 864 (out of a total 1210 predictions), Predictive correctness: 71.40495867768595%
Commodity: IBB
MSE: 11.858727230281449, Directional MSE: 0.5794701986754967
Correct Predictions: 860 (out of a total 1210 predictions), Predictive correctness: 71.07438016528926%
Commodity: PXE
MSE: 0.848097909685431, Directional MSE: 0.5298013245033113
Correct Predictions: 890 (out of a total 1210 predictions), Predictive correctness: 73.55371900826447%
Commodity: UGA
MSE: 4.528755759631625, Directional MSE: 0.5695364238410596
Correct Predictions: 866 (out of a total 1210 predictions), Predictive correctness: 71.5702479338843%
Commodity: PXI
MSE: 1.736764776440396, Directional MSE: 0.5298013245033113
Correct Predictions: 890 (out of a total 1210 predictions), Predictive correctness: 73.55371900826447%
Commodity: MLPL
MSE: 1.429444946709266, Directional MSE: 0.6485623003194888
Correct Predictions: 425 (out of a total 628 predictions), Predictive correctness: 67.67515923566879%
Commodity: BNO
MSE: 4.528779636826925, Directional MSE: 0.6184615384615385
Correct Predictions: 450 (out of a total 651 predictions), Predictive correctness: 69.12442396313364%
Commodity: CGW
MSE: 0.2578610944163907, Directional MSE: 0.5132450331125827
Correct Predictions: 900 (out of a total 1210 predictions), Predictive correctness: 74.3801652892562%
Commodity: AMJ
MSE: 0.4701101215964523, Directional MSE: 0.6164079822616408
Correct Predictions: 626 (out of a total 904 predictions), Predictive correctness: 69.24778761061947%
Commodity: AMLP
MSE: 0.026583856883532424, Directional MSE: 0.6996587030716723
Correct Predictions: 383 (out of a total 588 predictions), Predictive correctness: 65.1360544217687%
Commodity: RYE
MSE: 4.818549202516555, Directional MSE: 0.5314569536423841
Correct Predictions: 889 (out of a total 1210 predictions), Predictive correctness: 73.47107438016529%
Commodity: DIG
MSE: 5.907942877520692, Directional MSE: 0.609271523178808
Correct Predictions: 842 (out of a total 1210 predictions), Predictive correctness: 69.58677685950413%
Commodity: URTH
MSE: 2.2397272479235544, Directional MSE: 0.6776859504132231
Correct Predictions: 162 (out of a total 244 predictions), Predictive correctness: 66.39344262295081%
Commodity: VNQI
MSE: 1.009946085381434, Directional MSE: 0.6139705882352942
Correct Predictions: 379 (out of a total 546 predictions), Predictive correctness: 69.41391941391942%
Commodity: ACCU
MSE: 0.659120280603448, Directional MSE: 0.7672413793103449
Correct Predictions: 145 (out of a total 234 predictions), Predictive correctness: 61.965811965811966%
Commodity: BJK
MSE: 1.7864681417373758, Directional MSE: 0.5231788079470199
Correct Predictions: 894 (out of a total 1210 predictions), Predictive correctness: 73.88429752066116%
Commodity: TZW
MSE: 0.5081178045457844, Directional MSE: 0.7558139534883721
Correct Predictions: 215 (out of a total 345 predictions), Predictive correctness: 62.31884057971014%
Commodity: CARZ
MSE: 0.6880258627536232, Directional MSE: 0.6763285024154589
Correct Predictions: 275 (out of a total 415 predictions), Predictive correctness: 66.26506024096386%
Commodity: RXI
MSE: 1.275124669416391, Directional MSE: 0.5165562913907285
Correct Predictions: 898 (out of a total 1210 predictions), Predictive correctness: 74.21487603305785%
Commodity: AADR
MSE: 0.3560899744257306, Directional MSE: 0.6396103896103896
Correct Predictions: 421 (out of a total 618 predictions), Predictive correctness: 68.12297734627832%
Commodity: IGEM
MSE: 0.2587343749055234, Directional MSE: 0.7674418604651163
Correct Predictions: 213 (out of a total 345 predictions), Predictive correctness: 61.73913043478261%
Commodity: COLX
MSE: 0.22143106554203548, Directional MSE: 0.7212389380530974
Correct Predictions: 291 (out of a total 454 predictions), Predictive correctness: 64.09691629955947%
Commodity: SOXL
MSE: 6.184128266793552, Directional MSE: 0.6402266288951841
Correct Predictions: 482 (out of a total 708 predictions), Predictive correctness: 68.07909604519774%
Commodity: FAS
MSE: 53.10255725282038, Directional MSE: 0.5261121856866537
Correct Predictions: 764 (out of a total 1036 predictions), Predictive correctness: 73.74517374517374%
Commodity: GLD
MSE: 13.997352581944329, Directional MSE: 0.5397350993377483
Correct Predictions: 884 (out of a total 1210 predictions), Predictive correctness: 73.05785123966942%
